<?xml version="1.0" encoding="UTF-8"?>
<!-- Generated by org.testng.reporters.JUnitReportReporter -->
<testsuite hostname="DESKTOP-V1HFTJ3" failures="0" tests="2" name="com.tests.automation.java.testng.TestWebTable" time="11.075" errors="0" timestamp="14 Nov 2024 11:59:36 GMT">
  <testcase classname="com.tests.automation.java.testng.TestWebTable" name="testMethodWebTable" time="11.074"/>
  <testcase classname="com.tests.automation.java.testng.TestWebTable" name="ValidatesmokeTestWeb" time="0.001"/>
</testsuite> <!-- com.tests.automation.java.testng.TestWebTable -->
