<?xml version="1.0" encoding="UTF-8"?>
<testng-results total="4" passed="4" failed="0" skipped="0">
  <reporter-output>
  </reporter-output>
  <suite started-at="2024-11-14T11:59:13Z" name="Suite" finished-at="2024-11-14T11:59:36Z" duration-ms="22587">
    <groups>
      <group name="smoke">
        <method signature="TestHome.ValidatesmokeTest()[pri:0, instance:com.tests.automation.java.testng.TestHome@54eb2b70]" name="ValidatesmokeTest" class="com.tests.automation.java.testng.TestHome"/>
        <method signature="TestWebTable.ValidatesmokeTestWeb()[pri:0, instance:com.tests.automation.java.testng.TestWebTable@4ddbbdf8]" name="ValidatesmokeTestWeb" class="com.tests.automation.java.testng.TestWebTable"/>
      </group> <!-- smoke -->
    </groups>
    <test started-at="2024-11-14T11:59:13Z" name="Test" finished-at="2024-11-14T11:59:36Z" duration-ms="22587">
      <class name="com.tests.automation.java.testng.TestHome">
        <test-method is-config="true" signature="BeforeInVokeTest()[pri:0, instance:com.tests.automation.java.testng.TestHome@54eb2b70]" started-at="2024-11-14T17:29:13Z" name="BeforeInVokeTest" finished-at="2024-11-14T17:29:14Z" duration-ms="7" status="PASS">
          <reporter-output>
          </reporter-output>
        </test-method> <!-- BeforeInVokeTest -->
        <test-method signature="HomePageMethod()[pri:0, instance:com.tests.automation.java.testng.TestHome@54eb2b70]" started-at="2024-11-14T17:29:14Z" name="HomePageMethod" finished-at="2024-11-14T17:29:24Z" duration-ms="10858" status="PASS">
          <reporter-output>
          </reporter-output>
        </test-method> <!-- HomePageMethod -->
        <test-method is-config="true" signature="AfterInvokeTest()[pri:0, instance:com.tests.automation.java.testng.TestHome@54eb2b70]" started-at="2024-11-14T17:29:24Z" name="AfterInvokeTest" finished-at="2024-11-14T17:29:25Z" duration-ms="464" status="PASS">
          <reporter-output>
          </reporter-output>
        </test-method> <!-- AfterInvokeTest -->
        <test-method is-config="true" signature="BeforeInVokeTest()[pri:0, instance:com.tests.automation.java.testng.TestHome@54eb2b70]" started-at="2024-11-14T17:29:25Z" name="BeforeInVokeTest" finished-at="2024-11-14T17:29:25Z" duration-ms="0" status="PASS">
          <reporter-output>
          </reporter-output>
        </test-method> <!-- BeforeInVokeTest -->
        <test-method signature="ValidatesmokeTest()[pri:0, instance:com.tests.automation.java.testng.TestHome@54eb2b70]" started-at="2024-11-14T17:29:25Z" name="ValidatesmokeTest" finished-at="2024-11-14T17:29:25Z" duration-ms="2" status="PASS">
          <reporter-output>
          </reporter-output>
        </test-method> <!-- ValidatesmokeTest -->
        <test-method is-config="true" signature="AfterInvokeTest()[pri:0, instance:com.tests.automation.java.testng.TestHome@54eb2b70]" started-at="2024-11-14T17:29:25Z" name="AfterInvokeTest" finished-at="2024-11-14T17:29:25Z" duration-ms="0" status="FAIL">
          <exception class="org.openqa.selenium.NoSuchSessionException">
            <message>
              <![CDATA[invalid session id
Build info: version: '4.16.1', revision: '9b4c83354e'
System info: os.name: 'Windows 11', os.arch: 'amd64', os.version: '10.0', java.version: '11.0.15'
Driver info: org.openqa.selenium.chrome.ChromeDriver
Command: [c7ce214b1b36601816d729bbc3b0638a, close {}]
Capabilities {acceptInsecureCerts: false, browserName: chrome, browserVersion: 131.0.6778.70, chrome: {chromedriverVersion: 131.0.6778.69 (77e2244bbcda..., userDataDir: C:\Users\Vijay\AppData\Loca...}, fedcm:accounts: true, goog:chromeOptions: {debuggerAddress: localhost:50482}, networkConnectionEnabled: false, pageLoadStrategy: normal, platformName: windows, proxy: Proxy(), se:cdp: ws://localhost:50482/devtoo..., se:cdpVersion: 131.0.6778.70, setWindowRect: true, strictFileInteractability: false, timeouts: {implicit: 0, pageLoad: 300000, script: 30000}, unhandledPromptBehavior: dismiss and notify, webauthn:extension:credBlob: true, webauthn:extension:largeBlob: true, webauthn:extension:minPinLength: true, webauthn:extension:prf: true, webauthn:virtualAuthenticators: true}
Session ID: c7ce214b1b36601816d729bbc3b0638a]]>
            </message>
            <full-stacktrace>
              <![CDATA[org.openqa.selenium.NoSuchSessionException: invalid session id
Build info: version: '4.16.1', revision: '9b4c83354e'
System info: os.name: 'Windows 11', os.arch: 'amd64', os.version: '10.0', java.version: '11.0.15'
Driver info: org.openqa.selenium.chrome.ChromeDriver
Command: [c7ce214b1b36601816d729bbc3b0638a, close {}]
Capabilities {acceptInsecureCerts: false, browserName: chrome, browserVersion: 131.0.6778.70, chrome: {chromedriverVersion: 131.0.6778.69 (77e2244bbcda..., userDataDir: C:\Users\Vijay\AppData\Loca...}, fedcm:accounts: true, goog:chromeOptions: {debuggerAddress: localhost:50482}, networkConnectionEnabled: false, pageLoadStrategy: normal, platformName: windows, proxy: Proxy(), se:cdp: ws://localhost:50482/devtoo..., se:cdpVersion: 131.0.6778.70, setWindowRect: true, strictFileInteractability: false, timeouts: {implicit: 0, pageLoad: 300000, script: 30000}, unhandledPromptBehavior: dismiss and notify, webauthn:extension:credBlob: true, webauthn:extension:largeBlob: true, webauthn:extension:minPinLength: true, webauthn:extension:prf: true, webauthn:virtualAuthenticators: true}
Session ID: c7ce214b1b36601816d729bbc3b0638a
	at java.base/jdk.internal.reflect.NativeConstructorAccessorImpl.newInstance0(Native Method)
	at java.base/jdk.internal.reflect.NativeConstructorAccessorImpl.newInstance(NativeConstructorAccessorImpl.java:62)
	at java.base/jdk.internal.reflect.DelegatingConstructorAccessorImpl.newInstance(DelegatingConstructorAccessorImpl.java:45)
	at java.base/java.lang.reflect.Constructor.newInstance(Constructor.java:490)
	at org.openqa.selenium.remote.codec.w3c.W3CHttpResponseCodec.createException(W3CHttpResponseCodec.java:200)
	at org.openqa.selenium.remote.codec.w3c.W3CHttpResponseCodec.decode(W3CHttpResponseCodec.java:133)
	at org.openqa.selenium.remote.codec.w3c.W3CHttpResponseCodec.decode(W3CHttpResponseCodec.java:52)
	at org.openqa.selenium.remote.HttpCommandExecutor.execute(HttpCommandExecutor.java:191)
	at org.openqa.selenium.remote.service.DriverCommandExecutor.invokeExecute(DriverCommandExecutor.java:200)
	at org.openqa.selenium.remote.service.DriverCommandExecutor.execute(DriverCommandExecutor.java:175)
	at org.openqa.selenium.remote.RemoteWebDriver.execute(RemoteWebDriver.java:523)
	at org.openqa.selenium.remote.RemoteWebDriver.execute(RemoteWebDriver.java:596)
	at org.openqa.selenium.remote.RemoteWebDriver.execute(RemoteWebDriver.java:600)
	at org.openqa.selenium.remote.RemoteWebDriver.close(RemoteWebDriver.java:410)
	at com.tests.automation.java.testng.TestHome.AfterInvokeTest(TestHome.java:64)
	at java.base/jdk.internal.reflect.NativeMethodAccessorImpl.invoke0(Native Method)
	at java.base/jdk.internal.reflect.NativeMethodAccessorImpl.invoke(NativeMethodAccessorImpl.java:62)
	at java.base/jdk.internal.reflect.DelegatingMethodAccessorImpl.invoke(DelegatingMethodAccessorImpl.java:43)
	at java.base/java.lang.reflect.Method.invoke(Method.java:566)
	at org.testng.internal.MethodInvocationHelper.invokeMethod(MethodInvocationHelper.java:84)
	at org.testng.internal.Invoker.invokeConfigurationMethod(Invoker.java:564)
	at org.testng.internal.Invoker.invokeConfigurations(Invoker.java:213)
	at org.testng.internal.Invoker.invokeMethod(Invoker.java:786)
	at org.testng.internal.Invoker.invokeTestMethod(Invoker.java:901)
	at org.testng.internal.Invoker.invokeTestMethods(Invoker.java:1231)
	at org.testng.internal.TestMethodWorker.invokeTestMethods(TestMethodWorker.java:127)
	at org.testng.internal.TestMethodWorker.run(TestMethodWorker.java:111)
	at org.testng.TestRunner.privateRun(TestRunner.java:767)
	at org.testng.TestRunner.run(TestRunner.java:617)
	at org.testng.SuiteRunner.runTest(SuiteRunner.java:334)
	at org.testng.SuiteRunner.runSequentially(SuiteRunner.java:329)
	at org.testng.SuiteRunner.privateRun(SuiteRunner.java:291)
	at org.testng.SuiteRunner.run(SuiteRunner.java:240)
	at org.testng.SuiteRunnerWorker.runSuite(SuiteRunnerWorker.java:52)
	at org.testng.SuiteRunnerWorker.run(SuiteRunnerWorker.java:86)
	at org.testng.TestNG.runSuitesSequentially(TestNG.java:1224)
	at org.testng.TestNG.runSuitesLocally(TestNG.java:1149)
	at org.testng.TestNG.run(TestNG.java:1057)
	at org.apache.maven.surefire.testng.TestNGExecutor.run(TestNGExecutor.java:308)
	at org.apache.maven.surefire.testng.TestNGXmlTestSuite.execute(TestNGXmlTestSuite.java:71)
	at org.apache.maven.surefire.testng.TestNGProvider.invoke(TestNGProvider.java:113)
	at org.apache.maven.surefire.booter.ForkedBooter.runSuitesInProcess(ForkedBooter.java:385)
	at org.apache.maven.surefire.booter.ForkedBooter.execute(ForkedBooter.java:162)
	at org.apache.maven.surefire.booter.ForkedBooter.run(ForkedBooter.java:507)
	at org.apache.maven.surefire.booter.ForkedBooter.main(ForkedBooter.java:495)
]]>
            </full-stacktrace>
          </exception> <!-- org.openqa.selenium.NoSuchSessionException -->
          <reporter-output>
          </reporter-output>
        </test-method> <!-- AfterInvokeTest -->
      </class> <!-- com.tests.automation.java.testng.TestHome -->
      <class name="com.tests.automation.java.testng.TestWebTable">
        <test-method signature="ValidatesmokeTestWeb()[pri:0, instance:com.tests.automation.java.testng.TestWebTable@4ddbbdf8]" started-at="2024-11-14T17:29:25Z" name="ValidatesmokeTestWeb" finished-at="2024-11-14T17:29:25Z" duration-ms="1" status="PASS">
          <reporter-output>
          </reporter-output>
        </test-method> <!-- ValidatesmokeTestWeb -->
        <test-method signature="testMethodWebTable()[pri:0, instance:com.tests.automation.java.testng.TestWebTable@4ddbbdf8]" started-at="2024-11-14T17:29:25Z" name="testMethodWebTable" finished-at="2024-11-14T17:29:36Z" duration-ms="11074" status="PASS">
          <reporter-output>
          </reporter-output>
        </test-method> <!-- testMethodWebTable -->
      </class> <!-- com.tests.automation.java.testng.TestWebTable -->
    </test> <!-- Test -->
  </suite> <!-- Suite -->
</testng-results>
