<?xml version="1.0" encoding="UTF-8"?>
<testng-results ignored="0" total="1" passed="1" failed="0" skipped="0">
  <reporter-output>
  </reporter-output>
  <suite started-at="2024-10-18T17:33:09 IST" name="Default suite" finished-at="2024-10-18T17:33:09 IST" duration-ms="65">
    <groups>
    </groups>
    <test started-at="2024-10-18T17:33:09 IST" name="Default test" finished-at="2024-10-18T17:33:09 IST" duration-ms="65">
      <class name="JavaString.FindTotalREpativeString">
        <test-method signature="name()[pri:0, instance:JavaString.FindTotalREpativeString@13b13b5d]" started-at="2024-10-18T17:33:09 IST" name="name" finished-at="2024-10-18T17:33:09 IST" duration-ms="13" status="PASS">
          <reporter-output>
          </reporter-output>
        </test-method> <!-- name -->
      </class> <!-- JavaString.FindTotalREpativeString -->
    </test> <!-- Default test -->
  </suite> <!-- Default suite -->
</testng-results>
