<?xml version="1.0" encoding="UTF-8"?>
<testng-results ignored="4" total="6" passed="2" failed="0" skipped="0">
  <reporter-output>
  </reporter-output>
  <suite started-at="2024-11-14T17:16:50 IST" name="Suite" finished-at="2024-11-14T17:16:50 IST" duration-ms="71">
    <groups>
      <group name="Regression">
        <method signature="TestHome.ValidateRegTest()[pri:0, instance:com.tests.automation.java.testng.TestHome@5a56cdac]" name="ValidateRegTest" class="com.tests.automation.java.testng.TestHome"/>
        <method signature="TestWebTable.ValidateRegTestWeb()[pri:0, instance:com.tests.automation.java.testng.TestWebTable@4659191b]" name="ValidateRegTestWeb" class="com.tests.automation.java.testng.TestWebTable"/>
      </group> <!-- Regression -->
    </groups>
    <test started-at="2024-11-14T17:16:50 IST" name="Test" finished-at="2024-11-14T17:16:50 IST" duration-ms="71">
      <class name="com.tests.automation.java.testng.TestHome">
        <test-method signature="ValidateRegTest()[pri:0, instance:com.tests.automation.java.testng.TestHome@5a56cdac]" started-at="2024-11-14T17:16:50 IST" name="ValidateRegTest" finished-at="2024-11-14T17:16:50 IST" duration-ms="11" status="PASS">
          <reporter-output>
          </reporter-output>
        </test-method> <!-- ValidateRegTest -->
      </class> <!-- com.tests.automation.java.testng.TestHome -->
      <class name="com.tests.automation.java.testng.TestWebTable">
        <test-method signature="ValidateRegTestWeb()[pri:0, instance:com.tests.automation.java.testng.TestWebTable@4659191b]" started-at="2024-11-14T17:16:50 IST" name="ValidateRegTestWeb" finished-at="2024-11-14T17:16:50 IST" duration-ms="2" status="PASS">
          <reporter-output>
          </reporter-output>
        </test-method> <!-- ValidateRegTestWeb -->
      </class> <!-- com.tests.automation.java.testng.TestWebTable -->
    </test> <!-- Test -->
  </suite> <!-- Suite -->
</testng-results>
